<?xml version='1.0' encoding='UTF-8'?>
<testsuite hostname="MacBook-Pro-M.lan" name="rpc.TestStandardExecutionContext" tests="1" errors="1" failures="0" skipped="0" time="-0.001" timestamp="2022-12-27T21:24:39">
          <properties>
[...]
</properties>
          <testcase classname="rpc.TestStandardExecutionContext" name="" time="-0.001">
                      <error message="org.scalajs.testing.adapter.JSEnvRPC$RunTerminatedException" type="org.scalajs.testing.common.RPCCore$ClosedException">org.scalajs.testing.common.RPCCore$ClosedException: org.scalajs.testing.adapter.JSEnvRPC$RunTerminatedException
	at org.scalajs.testing.common.RPCCore.helpClose(RPCCore.scala:223)
	at org.scalajs.testing.common.RPCCore.close(RPCCore.scala:215)
	at org.scalajs.testing.adapter.JSEnvRPC.close(JSEnvRPC.scala:69)
	at org.scalajs.testing.adapter.JSEnvRPC.$anonfun$new$1(JSEnvRPC.scala:60)
	at org.scalajs.testing.adapter.JSEnvRPC.$anonfun$new$1$adapted(JSEnvRPC.scala:60)
	at scala.concurrent.impl.CallbackRunnable.run(Promise.scala:64)
	at java.util.concurrent.ForkJoinTask$RunnableExecuteAction.exec(ForkJoinTask.java:1402)
	at java.util.concurrent.ForkJoinTask.doExec(ForkJoinTask.java:289)
	at java.util.concurrent.ForkJoinPool$WorkQueue.runTask(ForkJoinPool.java:1056)
	at java.util.concurrent.ForkJoinPool.runWorker(ForkJoinPool.java:1692)
	at java.util.concurrent.ForkJoinWorkerThread.run(ForkJoinWorkerThread.java:157)
Caused by: org.scalajs.testing.adapter.JSEnvRPC$RunTerminatedException
	... 8 more
Caused by: org.scalajs.jsenv.ExternalJSRun$NonZeroExitException: exited with code 1
	at org.scalajs.jsenv.ExternalJSRun$$anon$1.run(ExternalJSRun.scala:200)
</error>
                    </testcase>
          <system-out><![CDATA[]]></system-out>
          <system-err><![CDATA[]]></system-err>
        </testsuite>